<?xml version="1.0" encoding="UTF-8"?>
<testsuite xmlns:xsi="http://www.w3.org/2001/XMLSchema-instance" xsi:noNamespaceSchemaLocation="https://maven.apache.org/surefire/maven-surefire-plugin/xsd/surefire-test-report-3.0.xsd" version="3.0" name="kz.aitu.daa.metrics.MetricsTest" time="0.099" tests="3" errors="0" skipped="0" failures="0">
  <properties>
[...]
</properties>
  <testcase name="resetClearsCounters" classname="kz.aitu.daa.metrics.MetricsTest" time="0.042"/>
  <testcase name="measuresTime" classname="kz.aitu.daa.metrics.MetricsTest" time="0.016"/>
  <testcase name="countsComparisons" classname="kz.aitu.daa.metrics.MetricsTest" time="0.002"/>
</testsuite>